START MGC -> C:\Users\kkudu\Documents\Code\itchy-tradebot\data\projectx_mgc_1m_20240101_20260411_20260411_125434.parquet
Fetching CON.F.US.MGC.G24 (MGCG4) 2024-01-01T00:00:00+00:00 -> 2024-02-01T00:00:00+00:00
Fetching CON.F.US.MGC.J24 (MGCJ4) 2024-02-01T00:00:00+00:00 -> 2024-04-01T00:00:00+00:00
Fetching CON.F.US.MGC.M24 (MGCM4) 2024-04-01T00:00:00+00:00 -> 2024-06-01T00:00:00+00:00
Fetching CON.F.US.MGC.Q24 (MGCQ4) 2024-06-01T00:00:00+00:00 -> 2024-08-01T00:00:00+00:00
Fetching CON.F.US.MGC.V24 (MGCV4) 2024-08-01T00:00:00+00:00 -> 2024-10-01T00:00:00+00:00
Fetching CON.F.US.MGC.Z24 (MGCZ4) 2024-10-01T00:00:00+00:00 -> 2024-12-01T00:00:00+00:00
Fetching CON.F.US.MGC.G25 (MGCG5) 2024-12-01T00:00:00+00:00 -> 2025-02-01T00:00:00+00:00
Fetching CON.F.US.MGC.J25 (MGCJ5) 2025-02-01T00:00:00+00:00 -> 2025-04-01T00:00:00+00:00
Fetching CON.F.US.MGC.M25 (MGCM5) 2025-04-01T00:00:00+00:00 -> 2025-06-01T00:00:00+00:00
Fetching CON.F.US.MGC.Q25 (MGCQ5) 2025-06-01T00:00:00+00:00 -> 2025-08-01T00:00:00+00:00
Fetching CON.F.US.MGC.V25 (MGCV5) 2025-08-01T00:00:00+00:00 -> 2025-10-01T00:00:00+00:00
Rate limited on CON.F.US.MGC.V25 2025-08-28T18:42:00+00:00 -> 2025-09-11T16:02:00+00:00; sleeping 10s and retrying...
Fetching CON.F.US.MGC.Z25 (MGCZ5) 2025-10-01T00:00:00+00:00 -> 2025-12-01T00:00:00+00:00
Fetching CON.F.US.MGC.G26 (MGCG6) 2025-12-01T00:00:00+00:00 -> 2026-02-01T00:00:00+00:00
Fetching CON.F.US.MGC.J26 (MGCJ6) 2026-02-01T00:00:00+00:00 -> 2026-04-01T00:00:00+00:00
Fetching CON.F.US.MGC.M26 (MGCM6) 2026-04-01T00:00:00+00:00 -> 2026-04-11T19:54:00+00:00
Saved 55741 rows to C:\Users\kkudu\Documents\Code\itchy-tradebot\data\projectx_mgc_1m_20240101_20260411_20260411_125434.parquet (2026-02-10 19:56:00+00:00 -> 2026-04-10 20:59:00+00:00)
Warning: requested start 2024-01-01T00:00:00+00:00 but first returned bar is 2026-02-10T19:56:00+00:00. TopstepX did not provide the earlier portion of the range.
Warning: requested end 2026-04-11T19:54:00+00:00 but last returned bar is 2026-04-10T20:59:00+00:00. TopstepX did not provide the later portion of the range.
Saved metadata to C:\Users\kkudu\Documents\Code\itchy-tradebot\data\projectx_mgc_1m_20240101_20260411_20260411_125434.json
DONE MGC
START MCLE -> C:\Users\kkudu\Documents\Code\itchy-tradebot\data\projectx_mcle_1m_20240101_20260411_20260411_125434.parquet
Fetching CON.F.US.MCLE.G24 () 2024-01-01T00:00:00+00:00 -> 2024-02-01T00:00:00+00:00
Fetching CON.F.US.MCLE.H24 (MCLH4) 2024-02-01T00:00:00+00:00 -> 2024-03-01T00:00:00+00:00
Fetching CON.F.US.MCLE.J24 (MCLJ4) 2024-03-01T00:00:00+00:00 -> 2024-04-01T00:00:00+00:00
Fetching CON.F.US.MCLE.K24 (MCLK4) 2024-04-01T00:00:00+00:00 -> 2024-05-01T00:00:00+00:00
Fetching CON.F.US.MCLE.M24 (MCLM4) 2024-05-01T00:00:00+00:00 -> 2024-06-01T00:00:00+00:00
Fetching CON.F.US.MCLE.N24 (MCLN4) 2024-06-01T00:00:00+00:00 -> 2024-07-01T00:00:00+00:00
Fetching CON.F.US.MCLE.Q24 (MCLQ4) 2024-07-01T00:00:00+00:00 -> 2024-08-01T00:00:00+00:00
Fetching CON.F.US.MCLE.U24 (MCLU4) 2024-08-01T00:00:00+00:00 -> 2024-09-01T00:00:00+00:00
Fetching CON.F.US.MCLE.V24 (MCLV4) 2024-09-01T00:00:00+00:00 -> 2024-10-01T00:00:00+00:00
Fetching CON.F.US.MCLE.X24 (MCLX4) 2024-10-01T00:00:00+00:00 -> 2024-11-01T00:00:00+00:00
Fetching CON.F.US.MCLE.Z24 (MCLZ4) 2024-11-01T00:00:00+00:00 -> 2024-12-01T00:00:00+00:00
Fetching CON.F.US.MCLE.F25 (MCLF5) 2024-12-01T00:00:00+00:00 -> 2025-01-01T00:00:00+00:00
Fetching CON.F.US.MCLE.G25 (MCLG5) 2025-01-01T00:00:00+00:00 -> 2025-02-01T00:00:00+00:00
Fetching CON.F.US.MCLE.H25 (MCLH5) 2025-02-01T00:00:00+00:00 -> 2025-03-01T00:00:00+00:00
Fetching CON.F.US.MCLE.J25 (MCLJ5) 2025-03-01T00:00:00+00:00 -> 2025-04-01T00:00:00+00:00
Fetching CON.F.US.MCLE.K25 (MCLK5) 2025-04-01T00:00:00+00:00 -> 2025-05-01T00:00:00+00:00
Fetching CON.F.US.MCLE.M25 (MCLM5) 2025-05-01T00:00:00+00:00 -> 2025-06-01T00:00:00+00:00
Fetching CON.F.US.MCLE.N25 (MCLN5) 2025-06-01T00:00:00+00:00 -> 2025-07-01T00:00:00+00:00
Fetching CON.F.US.MCLE.Q25 (MCLQ5) 2025-07-01T00:00:00+00:00 -> 2025-08-01T00:00:00+00:00
Fetching CON.F.US.MCLE.U25 (MCLU5) 2025-08-01T00:00:00+00:00 -> 2025-09-01T00:00:00+00:00
Fetching CON.F.US.MCLE.V25 (MCLV5) 2025-09-01T00:00:00+00:00 -> 2025-10-01T00:00:00+00:00
Fetching CON.F.US.MCLE.X25 (MCLX5) 2025-10-01T00:00:00+00:00 -> 2025-11-01T00:00:00+00:00
Fetching CON.F.US.MCLE.Z25 (MCLZ5) 2025-11-01T00:00:00+00:00 -> 2025-12-01T00:00:00+00:00
Fetching CON.F.US.MCLE.F26 (MCLF6) 2025-12-01T00:00:00+00:00 -> 2026-01-01T00:00:00+00:00
Fetching CON.F.US.MCLE.G26 (MCLG6) 2026-01-01T00:00:00+00:00 -> 2026-02-01T00:00:00+00:00
Fetching CON.F.US.MCLE.H26 (MCLH6) 2026-02-01T00:00:00+00:00 -> 2026-03-01T00:00:00+00:00
Fetching CON.F.US.MCLE.J26 (MCLJ6) 2026-03-01T00:00:00+00:00 -> 2026-04-01T00:00:00+00:00
Rate limited on CON.F.US.MCLE.J26 2026-03-13T21:00:00+00:00 -> 2026-03-27T18:20:00+00:00; sleeping 10s and retrying...
Fetching CON.F.US.MCLE.K26 (MCLK6) 2026-04-01T00:00:00+00:00 -> 2026-04-11T19:54:00+00:00
Saved 37335 rows to C:\Users\kkudu\Documents\Code\itchy-tradebot\data\projectx_mcle_1m_20240101_20260411_20260411_125434.parquet (2026-02-10 19:57:00+00:00 -> 2026-04-10 20:59:00+00:00)
Warning: requested start 2024-01-01T00:00:00+00:00 but first returned bar is 2026-02-10T19:57:00+00:00. TopstepX did not provide the earlier portion of the range.
Warning: requested end 2026-04-11T19:54:00+00:00 but last returned bar is 2026-04-10T20:59:00+00:00. TopstepX did not provide the later portion of the range.
Saved metadata to C:\Users\kkudu\Documents\Code\itchy-tradebot\data\projectx_mcle_1m_20240101_20260411_20260411_125434.json
DONE MCLE
