00:40:45  INFO      run_demo_challenge — Starting demo challenge — mode=backtest instrument=XAUUSD balance=from config
00:40:45  INFO      run_demo_challenge — === BACKTEST MODE ===
00:40:45  INFO      run_demo_challenge — Config loaded from C:\Users\kkudu\Documents\Code\itchy-tradebot\config
00:40:45  INFO      run_demo_challenge — Loading data from data/projectx_mgc_1m_last30d_20260310_20260409.parquet
00:40:45  INFO      run_demo_challenge — Loaded 26892 bars from 2026-03-10 23:58:00+00:00 to 2026-04-09 23:58:00+00:00
00:40:48  INFO      src.backtesting.live_dashboard — Live dashboard running at http://127.0.0.1:8501
00:40:48  INFO      run_demo_challenge — Live dashboard: http://127.0.0.1:8501
00:40:48  INFO      run_demo_challenge — Running backtest on 26892 bars ...
00:40:49  INFO      src.backtesting.vectorbt_engine — Starting backtest on 26892 1M bars for XAUUSD
00:40:49  INFO      src.backtesting.vectorbt_engine — Adaptive learning enabled — phases: mechanical \u2192 statistical \u2192 similarity
00:40:49  INFO      src.monitoring.health_monitor — HealthMonitor: normal \u2192 drought_detected (drought: 0 signals in last 500 bars)
00:40:49  INFO      src.monitoring.adaptive_relaxer — AdaptiveRelaxer: applied tier 1 'day_of_week' (budget 5.0%)
00:40:49  INFO      src.monitoring.health_monitor — HealthMonitor: drought_detected \u2192 relaxing (relaxing tier 1)
00:40:50  INFO      src.monitoring.health_monitor — HealthMonitor: relaxing \u2192 monitoring_relaxed (signals found under relaxed config)
00:40:51  WARNING   src.monitoring.adaptive_relaxer — AdaptiveRelaxer: 3 consecutive losses — auto-tightening 1 tier(s)
00:40:51  INFO      src.monitoring.adaptive_relaxer — AdaptiveRelaxer: tightened one tier — reverted 'day_of_week' (budget 0.0%)
00:40:51  INFO      src.monitoring.health_monitor — HealthMonitor: monitoring_relaxed \u2192 normal (auto-tightened after consecutive losses)
00:40:51  INFO      src.monitoring.health_monitor — HealthMonitor: normal \u2192 halted (strategy broken: rolling win rate 20.0% vs baseline 55.0%)
00:40:52  WARNING   src.monitoring.adaptive_relaxer — AdaptiveRelaxer: 3 consecutive losses — auto-tightening 0 tier(s)
00:41:12  INFO      src.backtesting.vectorbt_engine — Pipeline: generated=1943 | filtered_in_trade=84 | filtered_no_open=1775 | filtered_edge=0 | filtered_learning=0 | filtered_open_rejected=72 | entered=12 | coord_matrix_ok=0 | coord_matrix_none=0
00:41:12  INFO      src.backtesting.vectorbt_engine — Logged 12 trades to database
00:41:12  INFO      src.backtesting.vectorbt_engine — Backtest complete: 12 trades, win_rate=16.7%, return=-2.68%, prop_firm=ongoing, learning_phase=mechanical, learning_skipped=0
00:41:12  INFO      src.backtesting.vectorbt_engine — Strategy telemetry: 1955 events written to reports\backtest
00:41:12  INFO      src.backtesting.strategy_telemetry — Strategy telemetry summary (run_id=backtest):
00:41:12  INFO      src.backtesting.strategy_telemetry —   sss            : 1943 generated \u2192 12 entered (0.62%), 0 rejected
00:41:12  INFO      run_demo_challenge — Equity curve saved to reports\equity_curve_20260411_074112.csv
00:41:14  INFO      src.backtesting.dashboard — Dashboard saved to reports\dashboard_20260411_074114.html
